8/24/2020 2:17:01 PM	This log contains information about the import schema operation into project 'AddressBookDatabase' on computer 'DESKTOP-AAJUOB7' by user 'Dell'.
8/24/2020 2:17:01 PM	Import of database schema has started.
8/24/2020 2:17:05 PM	Gathering database credentials
8/24/2020 2:17:06 PM	Gathering database options
8/24/2020 2:17:06 PM	Gathering users
8/24/2020 2:17:06 PM	Gathering roles
8/24/2020 2:17:06 PM	Gathering application roles
8/24/2020 2:17:06 PM	Gathering role memberships
8/24/2020 2:17:06 PM	Gathering filegroups
8/24/2020 2:17:06 PM	Gathering full-text catalogs
8/24/2020 2:17:06 PM	Gathering assemblies
8/24/2020 2:17:06 PM	Gathering certificates
8/24/2020 2:17:06 PM	Gathering asymmetric keys
8/24/2020 2:17:06 PM	Gathering symmetric keys
8/24/2020 2:17:06 PM	Gathering encrypted symmetric keys
8/24/2020 2:17:06 PM	Gathering schemas
8/24/2020 2:17:06 PM	Gathering XML schema collections
8/24/2020 2:17:06 PM	Gathering user-defined data types
8/24/2020 2:17:06 PM	Gathering user-defined types
8/24/2020 2:17:06 PM	Gathering table types
8/24/2020 2:17:06 PM	Gathering unique keys for table types
8/24/2020 2:17:06 PM	Gathering primary keys for table types
8/24/2020 2:17:06 PM	Gathering indexes for table types
8/24/2020 2:17:06 PM	Gathering check constraints for table types
8/24/2020 2:17:06 PM	Gathering default constraints for table types
8/24/2020 2:17:06 PM	Gathering partition functions
8/24/2020 2:17:06 PM	Gathering partition schemes
8/24/2020 2:17:06 PM	Gathering functions
8/24/2020 2:17:06 PM	Gathering encrypted functions
8/24/2020 2:17:06 PM	Gathering aggregates
8/24/2020 2:17:07 PM	Gathering procedures
8/24/2020 2:17:07 PM	Gathering encrypted procedures
8/24/2020 2:17:07 PM	Gathering tables
8/24/2020 2:17:07 PM	Gathering primary keys
8/24/2020 2:17:07 PM	Gathering unique constraints
8/24/2020 2:17:07 PM	Gathering foreign keys
8/24/2020 2:17:07 PM	Gathering default constraints
8/24/2020 2:17:07 PM	Gathering check constraints
8/24/2020 2:17:07 PM	Gathering views
8/24/2020 2:17:07 PM	Gathering encrypted views
8/24/2020 2:17:07 PM	Gathering indexes
8/24/2020 2:17:07 PM	Gathering statistics
8/24/2020 2:17:07 PM	Gathering full-text index stoplists
8/24/2020 2:17:07 PM	Gathering search property lists
8/24/2020 2:17:07 PM	Gathering search properties
8/24/2020 2:17:07 PM	Gathering full-text indexes
8/24/2020 2:17:07 PM	Gathering column store indexes
8/24/2020 2:17:07 PM	Gathering spatial indexes
8/24/2020 2:17:07 PM	Gathering XML indexes
8/24/2020 2:17:07 PM	Gathering Selective XML indexes
8/24/2020 2:17:07 PM	Gathering encrypted triggers
8/24/2020 2:17:07 PM	Gathering triggers
8/24/2020 2:17:07 PM	Gathering encrypted and clr ddl triggers
8/24/2020 2:17:07 PM	Gathering ddl triggers
8/24/2020 2:17:07 PM	Gathering synonyms
8/24/2020 2:17:07 PM	Gathering defaults
8/24/2020 2:17:07 PM	Gathering data constraint uddt bindings
8/24/2020 2:17:07 PM	Gathering rules
8/24/2020 2:17:07 PM	Gathering data constraint uddt bindings
8/24/2020 2:17:07 PM	Gathering message types
8/24/2020 2:17:07 PM	Gathering queues
8/24/2020 2:17:07 PM	Gathering contracts
8/24/2020 2:17:07 PM	Gathering services
8/24/2020 2:17:07 PM	Gathering event notifications
8/24/2020 2:17:07 PM	Gathering remote service bindings
8/24/2020 2:17:07 PM	Gathering broker priorities
8/24/2020 2:17:07 PM	Gathering signatures
8/24/2020 2:17:07 PM	Gathering data compression options
8/24/2020 2:17:07 PM	Gathering sequence types
8/24/2020 2:17:07 PM	Gathering security policies
8/24/2020 2:17:07 PM	Gather column encryption keys
8/24/2020 2:17:07 PM	Gathering column master keys
8/24/2020 2:17:07 PM	Gathering external data sources
8/24/2020 2:17:07 PM	Gathering external file formats
8/24/2020 2:17:07 PM	Gathering external tables
8/24/2020 2:17:07 PM	Gathering extended properties
8/24/2020 2:17:07 PM	Gathering credentials
8/24/2020 2:17:07 PM	Gathering logins
8/24/2020 2:17:07 PM	Gathering server audits
8/24/2020 2:17:08 PM	Scanning project for duplicate elements
8/24/2020 2:17:08 PM	Finished duplicate element processing
8/24/2020 2:17:09 PM	Finished importing database.
8/24/2020 2:17:09 PM	A summary of the import was saved to the following location: C:\Users\Dell\Desktop\Gor\C#\MIC\Tasks\AddressBook\AddressBook\AddressBookDatabase\Import Schema Logs\AddressBookDatabase_20200824101701.log
8/24/2020 2:17:09 PM	Click Finish to continue...
